<?xml version="1.0" encoding="UTF-8"?>
<!-- Generated by org.testng.reporters.JUnitReportReporter -->
<testsuite skipped="2" hostname="CDC2-D-6R39H92" name="demo.NewTest" tests="3" failures="0" timestamp="31 Jul 2019 03:32:44 GMT" time="80.022" errors="1">
  <testcase name="login" time="0.000" classname="demo.NewTest">
    <skipped/>
  </testcase> <!-- login -->
  <testcase name="beforetest" time="80.022" classname="demo.NewTest">
    <error type="org.openqa.selenium.WebDriverException" message="unknown error: unable to discover open pages
Build info: version: &#039;3.141.59&#039;, revision: &#039;e82be7d358&#039;, time: &#039;2018-11-14T08:17:03&#039;
System info: host: &#039;CDC2-D-6R39H92&#039;, ip: &#039;10.220.69.22&#039;, os.name: &#039;Windows 10&#039;, os.arch: &#039;amd64&#039;, os.version: &#039;10.0&#039;, java.version: &#039;1.8.0_201&#039;
Driver info: driver.version: ChromeDriver
remote stacktrace: Backtrace:
	Ordinal0 [0x00C21B43+1448771]
	Ordinal0 [0x00BA5A31+940593]
	Ordinal0 [0x00B32293+467603]
	Ordinal0 [0x00ACF1DA+61914]
	Ordinal0 [0x00ACBBBD+48061]
	Ordinal0 [0x00AE8D09+167177]
	Ordinal0 [0x00AE88DD+166109]
	Ordinal0 [0x00AE6FEB+159723]
	Ordinal0 [0x00AD09F6+68086]
	Ordinal0 [0x00AD1990+72080]
	Ordinal0 [0x00AD1929+71977]
	GetHandleVerifier [0x00D62E8C+1172172]
	GetHandleVerifier [0x00CBFE55+504469]
	GetHandleVerifier [0x00CBFBF0+503856]
	Ordinal0 [0x00C2C9C8+1493448]
	GetHandleVerifier [0x00CC062A+506474]
	Ordinal0 [0x00BB7156+1012054]
	Ordinal0 [0x00BB6FCF+1011663]
	Ordinal0 [0x00BC135B+1053531]
	Ordinal0 [0x00BC14C3+1053891]
	Ordinal0 [0x00BC04F5+1049845]
	BaseThreadInitThunk [0x74A70419+25]
	RtlGetAppContainerNamedObjectPath [0x772F662D+237]
	RtlGetAppContainerNamedObjectPath [0x772F65FD+189]
">
      <![CDATA[org.openqa.selenium.WebDriverException: unknown error: unable to discover open pages
Build info: version: '3.141.59', revision: 'e82be7d358', time: '2018-11-14T08:17:03'
System info: host: 'CDC2-D-6R39H92', ip: '10.220.69.22', os.name: 'Windows 10', os.arch: 'amd64', os.version: '10.0', java.version: '1.8.0_201'
Driver info: driver.version: ChromeDriver
remote stacktrace: Backtrace:
Ordinal0 [0x00C21B43+1448771]
Ordinal0 [0x00BA5A31+940593]
Ordinal0 [0x00B32293+467603]
Ordinal0 [0x00ACF1DA+61914]
Ordinal0 [0x00ACBBBD+48061]
Ordinal0 [0x00AE8D09+167177]
Ordinal0 [0x00AE88DD+166109]
Ordinal0 [0x00AE6FEB+159723]
Ordinal0 [0x00AD09F6+68086]
Ordinal0 [0x00AD1990+72080]
Ordinal0 [0x00AD1929+71977]
GetHandleVerifier [0x00D62E8C+1172172]
GetHandleVerifier [0x00CBFE55+504469]
GetHandleVerifier [0x00CBFBF0+503856]
Ordinal0 [0x00C2C9C8+1493448]
GetHandleVerifier [0x00CC062A+506474]
Ordinal0 [0x00BB7156+1012054]
Ordinal0 [0x00BB6FCF+1011663]
Ordinal0 [0x00BC135B+1053531]
Ordinal0 [0x00BC14C3+1053891]
Ordinal0 [0x00BC04F5+1049845]
BaseThreadInitThunk [0x74A70419+25]
RtlGetAppContainerNamedObjectPath [0x772F662D+237]
RtlGetAppContainerNamedObjectPath [0x772F65FD+189]

at sun.reflect.NativeConstructorAccessorImpl.newInstance0(Native Method)
at sun.reflect.NativeConstructorAccessorImpl.newInstance(Unknown Source)
at sun.reflect.DelegatingConstructorAccessorImpl.newInstance(Unknown Source)
at java.lang.reflect.Constructor.newInstance(Unknown Source)
at org.openqa.selenium.remote.W3CHandshakeResponse.lambda$errorHandler$0(W3CHandshakeResponse.java:62)
at org.openqa.selenium.remote.HandshakeResponse.lambda$getResponseFunction$0(HandshakeResponse.java:30)
at org.openqa.selenium.remote.ProtocolHandshake.lambda$createSession$0(ProtocolHandshake.java:126)
at java.util.stream.ReferencePipeline$3$1.accept(Unknown Source)
at java.util.Spliterators$ArraySpliterator.tryAdvance(Unknown Source)
at java.util.stream.ReferencePipeline.forEachWithCancel(Unknown Source)
at java.util.stream.AbstractPipeline.copyIntoWithCancel(Unknown Source)
at java.util.stream.AbstractPipeline.copyInto(Unknown Source)
at java.util.stream.AbstractPipeline.wrapAndCopyInto(Unknown Source)
at java.util.stream.FindOps$FindOp.evaluateSequential(Unknown Source)
at java.util.stream.AbstractPipeline.evaluate(Unknown Source)
at java.util.stream.ReferencePipeline.findFirst(Unknown Source)
at org.openqa.selenium.remote.ProtocolHandshake.createSession(ProtocolHandshake.java:128)
at org.openqa.selenium.remote.ProtocolHandshake.createSession(ProtocolHandshake.java:74)
at org.openqa.selenium.remote.HttpCommandExecutor.execute(HttpCommandExecutor.java:136)
at org.openqa.selenium.remote.service.DriverCommandExecutor.execute(DriverCommandExecutor.java:83)
at org.openqa.selenium.remote.RemoteWebDriver.execute(RemoteWebDriver.java:552)
at org.openqa.selenium.remote.RemoteWebDriver.startSession(RemoteWebDriver.java:213)
at org.openqa.selenium.remote.RemoteWebDriver.<init>(RemoteWebDriver.java:131)
at org.openqa.selenium.chrome.ChromeDriver.<init>(ChromeDriver.java:181)
at org.openqa.selenium.chrome.ChromeDriver.<init>(ChromeDriver.java:168)
at org.openqa.selenium.chrome.ChromeDriver.<init>(ChromeDriver.java:123)
at demo.NewTest.beforetest(NewTest.java:44)
at sun.reflect.NativeMethodAccessorImpl.invoke0(Native Method)
at sun.reflect.NativeMethodAccessorImpl.invoke(Unknown Source)
at sun.reflect.DelegatingMethodAccessorImpl.invoke(Unknown Source)
at java.lang.reflect.Method.invoke(Unknown Source)
at org.testng.internal.MethodInvocationHelper.invokeMethod(MethodInvocationHelper.java:124)
at org.testng.internal.MethodInvocationHelper.invokeMethodConsideringTimeout(MethodInvocationHelper.java:59)
at org.testng.internal.Invoker.invokeConfigurationMethod(Invoker.java:458)
at org.testng.internal.Invoker.invokeConfigurations(Invoker.java:222)
at org.testng.internal.Invoker.invokeConfigurations(Invoker.java:142)
at org.testng.TestRunner.beforeRun(TestRunner.java:529)
at org.testng.TestRunner.run(TestRunner.java:497)
at org.testng.SuiteRunner.runTest(SuiteRunner.java:455)
at org.testng.SuiteRunner.runSequentially(SuiteRunner.java:450)
at org.testng.SuiteRunner.privateRun(SuiteRunner.java:415)
at org.testng.SuiteRunner.run(SuiteRunner.java:364)
at org.testng.SuiteRunnerWorker.runSuite(SuiteRunnerWorker.java:52)
at org.testng.SuiteRunnerWorker.run(SuiteRunnerWorker.java:84)
at org.testng.TestNG.runSuitesSequentially(TestNG.java:1208)
at org.testng.TestNG.runSuitesLocally(TestNG.java:1137)
at org.testng.TestNG.runSuites(TestNG.java:1049)
at org.testng.TestNG.run(TestNG.java:1017)
at org.testng.remote.AbstractRemoteTestNG.run(AbstractRemoteTestNG.java:115)
at org.testng.remote.RemoteTestNG.initAndRun(RemoteTestNG.java:251)
at org.testng.remote.RemoteTestNG.main(RemoteTestNG.java:77)
]]>
    </error>
  </testcase> <!-- beforetest -->
  <testcase name="f3" time="0.000" classname="demo.NewTest">
    <skipped/>
  </testcase> <!-- f3 -->
</testsuite> <!-- demo.NewTest -->
