<?xml version="1.0" encoding="UTF-8"?>
<!-- Generated by org.testng.reporters.JUnitReportReporter -->
<testsuite skipped="0" hostname="CDC2-D-6R39H92" name="Test.LoginTestCase" tests="1" failures="0" timestamp="02 Aug 2019 03:42:15 GMT" time="74.748" errors="1">
  <testcase name="test" time="74.748" classname="Test.LoginTestCase">
    <error type="org.openqa.selenium.WebDriverException" message="unknown error: unable to discover open pages
Build info: version: &#039;3.141.59&#039;, revision: &#039;e82be7d358&#039;, time: &#039;2018-11-14T08:17:03&#039;
System info: host: &#039;CDC2-D-6R39H92&#039;, ip: &#039;10.220.69.219&#039;, os.name: &#039;Windows 10&#039;, os.arch: &#039;amd64&#039;, os.version: &#039;10.0&#039;, java.version: &#039;1.8.0_201&#039;
Driver info: driver.version: ChromeDriver
remote stacktrace: Backtrace:
	Ordinal0 [0x00AB1B43+1448771]
	Ordinal0 [0x00A35A31+940593]
	Ordinal0 [0x009C2293+467603]
	Ordinal0 [0x0095F1DA+61914]
	Ordinal0 [0x0095BBBD+48061]
	Ordinal0 [0x00978D09+167177]
	Ordinal0 [0x009788DD+166109]
	Ordinal0 [0x00976FEB+159723]
	Ordinal0 [0x009609F6+68086]
	Ordinal0 [0x00961990+72080]
	Ordinal0 [0x00961929+71977]
	GetHandleVerifier [0x00BF2E8C+1172172]
	GetHandleVerifier [0x00B4FE55+504469]
	GetHandleVerifier [0x00B4FBF0+503856]
	Ordinal0 [0x00ABC9C8+1493448]
	GetHandleVerifier [0x00B5062A+506474]
	Ordinal0 [0x00A47156+1012054]
	Ordinal0 [0x00A46FCF+1011663]
	Ordinal0 [0x00A5135B+1053531]
	Ordinal0 [0x00A514C3+1053891]
	Ordinal0 [0x00A504F5+1049845]
	BaseThreadInitThunk [0x76020419+25]
	RtlGetAppContainerNamedObjectPath [0x77B2662D+237]
	RtlGetAppContainerNamedObjectPath [0x77B265FD+189]
">
      <![CDATA[org.openqa.selenium.WebDriverException: unknown error: unable to discover open pages
Build info: version: '3.141.59', revision: 'e82be7d358', time: '2018-11-14T08:17:03'
System info: host: 'CDC2-D-6R39H92', ip: '10.220.69.219', os.name: 'Windows 10', os.arch: 'amd64', os.version: '10.0', java.version: '1.8.0_201'
Driver info: driver.version: ChromeDriver
remote stacktrace: Backtrace:
Ordinal0 [0x00AB1B43+1448771]
Ordinal0 [0x00A35A31+940593]
Ordinal0 [0x009C2293+467603]
Ordinal0 [0x0095F1DA+61914]
Ordinal0 [0x0095BBBD+48061]
Ordinal0 [0x00978D09+167177]
Ordinal0 [0x009788DD+166109]
Ordinal0 [0x00976FEB+159723]
Ordinal0 [0x009609F6+68086]
Ordinal0 [0x00961990+72080]
Ordinal0 [0x00961929+71977]
GetHandleVerifier [0x00BF2E8C+1172172]
GetHandleVerifier [0x00B4FE55+504469]
GetHandleVerifier [0x00B4FBF0+503856]
Ordinal0 [0x00ABC9C8+1493448]
GetHandleVerifier [0x00B5062A+506474]
Ordinal0 [0x00A47156+1012054]
Ordinal0 [0x00A46FCF+1011663]
Ordinal0 [0x00A5135B+1053531]
Ordinal0 [0x00A514C3+1053891]
Ordinal0 [0x00A504F5+1049845]
BaseThreadInitThunk [0x76020419+25]
RtlGetAppContainerNamedObjectPath [0x77B2662D+237]
RtlGetAppContainerNamedObjectPath [0x77B265FD+189]

at sun.reflect.NativeConstructorAccessorImpl.newInstance0(Native Method)
at sun.reflect.NativeConstructorAccessorImpl.newInstance(Unknown Source)
at sun.reflect.DelegatingConstructorAccessorImpl.newInstance(Unknown Source)
at java.lang.reflect.Constructor.newInstance(Unknown Source)
at org.openqa.selenium.remote.W3CHandshakeResponse.lambda$errorHandler$0(W3CHandshakeResponse.java:62)
at org.openqa.selenium.remote.HandshakeResponse.lambda$getResponseFunction$0(HandshakeResponse.java:30)
at org.openqa.selenium.remote.ProtocolHandshake.lambda$createSession$0(ProtocolHandshake.java:126)
at java.util.stream.ReferencePipeline$3$1.accept(Unknown Source)
at java.util.Spliterators$ArraySpliterator.tryAdvance(Unknown Source)
at java.util.stream.ReferencePipeline.forEachWithCancel(Unknown Source)
at java.util.stream.AbstractPipeline.copyIntoWithCancel(Unknown Source)
at java.util.stream.AbstractPipeline.copyInto(Unknown Source)
at java.util.stream.AbstractPipeline.wrapAndCopyInto(Unknown Source)
at java.util.stream.FindOps$FindOp.evaluateSequential(Unknown Source)
at java.util.stream.AbstractPipeline.evaluate(Unknown Source)
at java.util.stream.ReferencePipeline.findFirst(Unknown Source)
at org.openqa.selenium.remote.ProtocolHandshake.createSession(ProtocolHandshake.java:128)
at org.openqa.selenium.remote.ProtocolHandshake.createSession(ProtocolHandshake.java:74)
at org.openqa.selenium.remote.HttpCommandExecutor.execute(HttpCommandExecutor.java:136)
at org.openqa.selenium.remote.service.DriverCommandExecutor.execute(DriverCommandExecutor.java:83)
at org.openqa.selenium.remote.RemoteWebDriver.execute(RemoteWebDriver.java:552)
at org.openqa.selenium.remote.RemoteWebDriver.startSession(RemoteWebDriver.java:213)
at org.openqa.selenium.remote.RemoteWebDriver.<init>(RemoteWebDriver.java:131)
at org.openqa.selenium.chrome.ChromeDriver.<init>(ChromeDriver.java:181)
at org.openqa.selenium.chrome.ChromeDriver.<init>(ChromeDriver.java:168)
at org.openqa.selenium.chrome.ChromeDriver.<init>(ChromeDriver.java:123)
at Utility.BrowserFactory.startbrowser(BrowserFactory.java:20)
at Test.LoginTestCase.test(LoginTestCase.java:23)
at sun.reflect.NativeMethodAccessorImpl.invoke0(Native Method)
at sun.reflect.NativeMethodAccessorImpl.invoke(Unknown Source)
at sun.reflect.DelegatingMethodAccessorImpl.invoke(Unknown Source)
at java.lang.reflect.Method.invoke(Unknown Source)
at org.testng.internal.MethodInvocationHelper.invokeMethod(MethodInvocationHelper.java:124)
at org.testng.internal.Invoker.invokeMethod(Invoker.java:583)
at org.testng.internal.Invoker.invokeTestMethod(Invoker.java:719)
at org.testng.internal.Invoker.invokeTestMethods(Invoker.java:989)
at org.testng.internal.TestMethodWorker.invokeTestMethods(TestMethodWorker.java:125)
at org.testng.internal.TestMethodWorker.run(TestMethodWorker.java:109)
at org.testng.TestRunner.privateRun(TestRunner.java:648)
at org.testng.TestRunner.run(TestRunner.java:505)
at org.testng.SuiteRunner.runTest(SuiteRunner.java:455)
at org.testng.SuiteRunner.runSequentially(SuiteRunner.java:450)
at org.testng.SuiteRunner.privateRun(SuiteRunner.java:415)
at org.testng.SuiteRunner.run(SuiteRunner.java:364)
at org.testng.SuiteRunnerWorker.runSuite(SuiteRunnerWorker.java:52)
at org.testng.SuiteRunnerWorker.run(SuiteRunnerWorker.java:84)
at org.testng.TestNG.runSuitesSequentially(TestNG.java:1208)
at org.testng.TestNG.runSuitesLocally(TestNG.java:1137)
at org.testng.TestNG.runSuites(TestNG.java:1049)
at org.testng.TestNG.run(TestNG.java:1017)
at org.testng.remote.AbstractRemoteTestNG.run(AbstractRemoteTestNG.java:115)
at org.testng.remote.RemoteTestNG.initAndRun(RemoteTestNG.java:251)
at org.testng.remote.RemoteTestNG.main(RemoteTestNG.java:77)
]]>
    </error>
  </testcase> <!-- test -->
</testsuite> <!-- Test.LoginTestCase -->
